#
# There is insufficient memory for the Java Runtime Environment to continue.
# Native memory allocation (malloc) failed to allocate 1041616 bytes for Chunk::new
# Possible reasons:
#   The system is out of physical RAM or swap space
#   The process is running with CompressedOops enabled, and the Java Heap may be blocking the growth of the native heap
# Possible solutions:
#   Reduce memory load on the system
#   Increase physical memory or swap space
#   Check if swap backing store is full
#   Decrease Java heap size (-Xmx/-Xms)
#   Decrease number of Java threads
#   Decrease Java thread stack sizes (-Xss)
#   Set larger code cache with -XX:ReservedCodeCacheSize=
#   JVM is running with Zero Based Compressed Oops mode in which the Java heap is
#     placed in the first 32GB address space. The Java Heap base address is the
#     maximum limit for the native heap growth. Please use -XX:HeapBaseMinAddress
#     to set the Java Heap base and to place the Java Heap above 32GB virtual address.
# This output file may be truncated or incomplete.
#
#  Out of Memory Error (allocation.cpp:389), pid=29004, tid=0x0000000000000678
#
# JRE version: Java(TM) SE Runtime Environment (8.0_211-b12) (build 1.8.0_211-b12)
# Java VM: Java HotSpot(TM) 64-Bit Server VM (25.211-b12 mixed mode windows-amd64 compressed oops)
# Failed to write core dump. Minidumps are not enabled by default on client versions of Windows
#

---------------  T H R E A D  ---------------

Current thread (0x000000001f02b000):  JavaThread "C2 CompilerThread1" daemon [_thread_in_native, id=1656, stack(0x000000001f780000,0x000000001f880000)]

Stack: [0x000000001f780000,0x000000001f880000]
[error occurred during error reporting (printing stack bounds), id 0xc0000005]

Native frames: (J=compiled Java code, j=interpreted, Vv=VM code, C=native code)


Current CompileTask:
C2:    928  467       4       java.io.WinNTFileSystem::normalize (143 bytes)


---------------  P R O C E S S  ---------------

Java Threads: ( => current thread )
  0x000000001f0c8800 JavaThread "Service Thread" daemon [_thread_blocked, id=25168, stack(0x000000001f980000,0x000000001fa80000)]
  0x000000001f044800 JavaThread "C1 CompilerThread2" daemon [_thread_blocked, id=13004, stack(0x000000001f880000,0x000000001f980000)]
=>0x000000001f02b000 JavaThread "C2 CompilerThread1" daemon [_thread_in_native, id=1656, stack(0x000000001f780000,0x000000001f880000)]
  0x000000001f028000 JavaThread "C2 CompilerThread0" daemon [_thread_blocked, id=7880, stack(0x000000001f680000,0x000000001f780000)]
  0x000000001e5e9800 JavaThread "JDWP Command Reader" daemon [_thread_in_native, id=29712, stack(0x000000001ed80000,0x000000001ee80000)]
  0x000000001e5e8800 JavaThread "JDWP Event Helper Thread" daemon [_thread_blocked, id=7808, stack(0x000000001ec80000,0x000000001ed80000)]
  0x000000001e5dd800 JavaThread "JDWP Transport Listener: dt_socket" daemon [_thread_blocked, id=12464, stack(0x000000001eb80000,0x000000001ec80000)]
  0x000000001cc0a000 JavaThread "Attach Listener" daemon [_thread_blocked, id=13464, stack(0x000000001ea80000,0x000000001eb80000)]
  0x000000001e58b800 JavaThread "Signal Dispatcher" daemon [_thread_blocked, id=27488, stack(0x000000001e980000,0x000000001ea80000)]
  0x000000001cbe3000 JavaThread "Finalizer" daemon [_thread_blocked, id=21012, stack(0x000000001e480000,0x000000001e580000)]
  0x000000001cbdc000 JavaThread "Reference Handler" daemon [_thread_blocked, id=26532, stack(0x000000001e380000,0x000000001e480000)]
  0x0000000003082000 JavaThread "main" [_thread_blocked, id=12792, stack(0x0000000002f80000,0x0000000003080000)]

Other Threads:
  0x000000001cbb8000 VMThread [stack: 0x000000001e280000,0x000000001e380000] [id=16224]
  0x000000001f128000 WatcherThread [stack: 0x000000001fa80000,0x000000001fb80000] [id=6176]

VM state:at safepoint (normal execution)

VM Mutex/Monitor currently owned by a thread:  ([mutex/lock_event])
[0x00000000030814d0] Threads_lock - owner thread: 0x000000001cbb8000
[0x0000000003088900] Heap_lock - owner thread: 0x0000000003082000

heap address: 0x00000006c1400000, size: 4076 MB, Compressed Oops mode: Zero based, Oop shift amount: 3
Narrow klass base: 0x0000000000000000, Narrow klass shift: 3
Compressed class space size: 1073741824 Address: 0x00000007c0000000

Heap:
 PSYoungGen      total 76288K, used 2859K [0x000000076b180000, 0x0000000770680000, 0x00000007c0000000)
  eden space 65536K, 0% used [0x000000076b180000,0x000000076b180000,0x000000076f180000)
  from space 10752K, 26% used [0x000000076f180000,0x000000076f44ac10,0x000000076fc00000)
  to   space 10752K, 0% used [0x000000076fc00000,0x000000076fc00000,0x0000000770680000)
 ParOldGen       total 175104K, used 8K [0x00000006c1400000, 0x00000006cbf00000, 0x000000076b180000)
  object space 175104K, 0% used [0x00000006c1400000,0x00000006c1402000,0x00000006cbf00000)
 Metaspace       used 6712K, capacity 7060K, committed 7168K, reserved 1060864K
  class space    used 799K, capacity 919K, committed 1024K, reserved 1048576K

Card table byte_map: [0x0000000012760000,0x0000000012f60000] byte_map_base: 0x000000000f156000

Marking Bits: (ParMarkBitMap*) 0x000000005e495ce0
 Begin Bits: [0x0000000013ab0000, 0x0000000017a60000)
 End Bits:   [0x0000000017a60000, 0x000000001ba10000)

Polling page: 0x0000000002f20000

CodeCache: size=245760Kb used=2646Kb max_used=2646Kb free=243113Kb
 bounds [0x00000000033a0000, 0x0000000003640000, 0x00000000123a0000]
 total_blobs=900 nmethods=624 adapters=197
 compilation: enabled

Compilation events (10 events):
Event: 0.917 Thread 0x000000001f044800  620       3       java.lang.invoke.MemberName::isMethod (7 bytes)
Event: 0.917 Thread 0x000000001f044800 nmethod 620 0x0000000003634b90 code [0x0000000003634d00, 0x0000000003634f70]
Event: 0.917 Thread 0x000000001f044800  622       3       jdk.internal.org.objectweb.asm.MethodVisitor::<init> (35 bytes)
Event: 0.917 Thread 0x000000001f028000  623       4       jdk.internal.org.objectweb.asm.Item::set (143 bytes)
Event: 0.917 Thread 0x000000001f044800 nmethod 622 0x0000000003634590 code [0x0000000003634720, 0x0000000003634a48]
Event: 0.917 Thread 0x000000001f044800  624       3       java.lang.invoke.MethodHandle::<init> (35 bytes)
Event: 0.917 Thread 0x000000001f044800 nmethod 624 0x0000000003633e50 code [0x0000000003633fe0, 0x00000000036343d8]
Event: 0.917 Thread 0x000000001f044800  625       3       java.lang.invoke.LambdaForm::prepare (43 bytes)
Event: 0.917 Thread 0x000000001f044800 nmethod 625 0x0000000003633850 code [0x00000000036339e0, 0x0000000003633d28]
Event: 0.920 Thread 0x000000001f044800  626       3       sun.misc.PerfCounter::increment (6 bytes)

GC Heap History (0 events):
No events

Deoptimization events (1 events):
Event: 0.873 Thread 0x0000000003082000 Uncommon trap: reason=unstable_if action=reinterpret pc=0x00000000035a8638 method=sun.misc.MetaIndex.mayContain(Ljava/lang/String;)Z @ 38

Classes redefined (0 events):
No events

Internal exceptions (10 events):
Event: 0.053 Thread 0x0000000003082000 Exception <a 'java/lang/NoSuchMethodError': Method sun.misc.Unsafe.defineClass(Ljava/lang/String;[BII)Ljava/lang/Class; name or signature does not match> (0x000000076b187cb0) thrown at [C:\re\workspace\8-2-build-windows-amd64-cygwin\jdk8u211\12973\hotspot
Event: 0.053 Thread 0x0000000003082000 Exception <a 'java/lang/NoSuchMethodError': Method sun.misc.Unsafe.prefetchRead(Ljava/lang/Object;J)V name or signature does not match> (0x000000076b187f98) thrown at [C:\re\workspace\8-2-build-windows-amd64-cygwin\jdk8u211\12973\hotspot\src\share\vm\prim
Event: 0.712 Thread 0x0000000003082000 Exception <a 'java/lang/NoSuchFieldError': method resolution failed> (0x000000076bb73d28) thrown at [C:\re\workspace\8-2-build-windows-amd64-cygwin\jdk8u211\12973\hotspot\src\share\vm\prims\methodHandles.cpp, line 1167]
Event: 0.713 Thread 0x0000000003082000 Exception <a 'java/lang/NoSuchFieldError': method resolution failed> (0x000000076bb82678) thrown at [C:\re\workspace\8-2-build-windows-amd64-cygwin\jdk8u211\12973\hotspot\src\share\vm\prims\methodHandles.cpp, line 1167]
Event: 0.741 Thread 0x0000000003082000 Exception <a 'java/security/PrivilegedActionException'> (0x000000076bc62a18) thrown at [C:\re\workspace\8-2-build-windows-amd64-cygwin\jdk8u211\12973\hotspot\src\share\vm\prims\jvm.cpp, line 1502]
Event: 0.741 Thread 0x0000000003082000 Exception <a 'java/security/PrivilegedActionException'> (0x000000076bc62c28) thrown at [C:\re\workspace\8-2-build-windows-amd64-cygwin\jdk8u211\12973\hotspot\src\share\vm\prims\jvm.cpp, line 1502]
Event: 0.741 Thread 0x0000000003082000 Exception <a 'java/security/PrivilegedActionException'> (0x000000076bc64eb0) thrown at [C:\re\workspace\8-2-build-windows-amd64-cygwin\jdk8u211\12973\hotspot\src\share\vm\prims\jvm.cpp, line 1502]
Event: 0.741 Thread 0x0000000003082000 Exception <a 'java/security/PrivilegedActionException'> (0x000000076bc650c0) thrown at [C:\re\workspace\8-2-build-windows-amd64-cygwin\jdk8u211\12973\hotspot\src\share\vm\prims\jvm.cpp, line 1502]
Event: 0.894 Thread 0x0000000003082000 Exception <a 'java/lang/NoSuchMethodError': java.lang.Object.lambda$or$2(Ljava/util/function/Predicate;Ljava/lang/Object;)Z> (0x000000076c89a2a8) thrown at [C:\re\workspace\8-2-build-windows-amd64-cygwin\jdk8u211\12973\hotspot\src\share\vm\interpreter\lin
Event: 0.917 Thread 0x0000000003082000 Exception <a 'java/lang/IncompatibleClassChangeError': Found class java.lang.Object, but interface was expected> (0x000000076ca27960) thrown at [C:\re\workspace\8-2-build-windows-amd64-cygwin\jdk8u211\12973\hotspot\src\share\vm\interpreter\linkResolver.cp

Events (10 events):
Event: 0.919 Thread 0x0000000003082000 DEOPT PACKING pc=0x0000000003577abc sp=0x000000000307da60
Event: 0.919 Thread 0x0000000003082000 DEOPT UNPACKING pc=0x00000000033e7890 sp=0x000000000307d880 mode 1
Event: 0.920 loading class org/junit/platform/engine/support/discovery/SelectorResolver$Match
Event: 0.920 loading class org/junit/platform/engine/support/discovery/SelectorResolver$Match done
Event: 0.920 Thread 0x0000000003082000 DEOPT PACKING pc=0x00000000035fd649 sp=0x000000000307d590
Event: 0.920 Thread 0x0000000003082000 DEOPT UNPACKING pc=0x00000000033e7890 sp=0x000000000307d2e0 mode 1
Event: 0.920 Thread 0x0000000003082000 DEOPT PACKING pc=0x0000000003577d24 sp=0x000000000307d610
Event: 0.920 Thread 0x0000000003082000 DEOPT UNPACKING pc=0x00000000033e7890 sp=0x000000000307d430 mode 1
Event: 0.920 Thread 0x0000000003082000 DEOPT PACKING pc=0x0000000003577abc sp=0x000000000307d7a0
Event: 0.920 Thread 0x0000000003082000 DEOPT UNPACKING pc=0x00000000033e7890 sp=0x000000000307d5c0 mode 1


Dynamic libraries:
0x00007ff6383d0000 - 0x00007ff638407000 	E:\Path\Jdk\bin\java.exe
0x00007ffebb9e0000 - 0x00007ffebbbd0000 	C:\Windows\SYSTEM32\ntdll.dll
0x00007ffeb9f80000 - 0x00007ffeba032000 	C:\Windows\System32\KERNEL32.DLL
0x00007ffeb8960000 - 0x00007ffeb8c04000 	C:\Windows\System32\KERNELBASE.dll
0x00007ffeba040000 - 0x00007ffeba0e3000 	C:\Windows\System32\ADVAPI32.dll
0x00007ffeba8d0000 - 0x00007ffeba96e000 	C:\Windows\System32\msvcrt.dll
0x00007ffebb340000 - 0x00007ffebb3d7000 	C:\Windows\System32\sechost.dll
0x00007ffebb680000 - 0x00007ffebb7a0000 	C:\Windows\System32\RPCRT4.dll
0x00007ffeba0f0000 - 0x00007ffeba285000 	C:\Windows\System32\USER32.dll
0x00007ffeb8cb0000 - 0x00007ffeb8cd1000 	C:\Windows\System32\win32u.dll
0x00007ffeba290000 - 0x00007ffeba2b6000 	C:\Windows\System32\GDI32.dll
0x00007ffeb9850000 - 0x00007ffeb99e6000 	C:\Windows\System32\gdi32full.dll
0x00007ffeb99f0000 - 0x00007ffeb9a8e000 	C:\Windows\System32\msvcp_win.dll
0x00007ffeb8ce0000 - 0x00007ffeb8dda000 	C:\Windows\System32\ucrtbase.dll
0x00007ffeac170000 - 0x00007ffeac3f4000 	C:\Windows\WinSxS\amd64_microsoft.windows.common-controls_6595b64144ccf1df_6.0.18362.1016_none_9e7a36bbe461dae4\COMCTL32.dll
0x00007ffeba2c0000 - 0x00007ffeba5f5000 	C:\Windows\System32\combase.dll
0x00007ffeb8c10000 - 0x00007ffeb8c90000 	C:\Windows\System32\bcryptPrimitives.dll
0x00007ffeba6b0000 - 0x00007ffeba6de000 	C:\Windows\System32\IMM32.DLL
0x000000005e520000 - 0x000000005e5f2000 	E:\Path\Jdk\jre\bin\msvcr100.dll
0x000000005dc70000 - 0x000000005e515000 	E:\Path\Jdk\jre\bin\server\jvm.dll
0x00007ffea2110000 - 0x00007ffea2119000 	C:\Windows\SYSTEM32\WSOCK32.dll
0x00007ffeba700000 - 0x00007ffeba76f000 	C:\Windows\System32\WS2_32.dll
0x00007ffea9960000 - 0x00007ffea9984000 	C:\Windows\SYSTEM32\WINMM.dll
0x00007ffeac5a0000 - 0x00007ffeac5cd000 	C:\Windows\SYSTEM32\WINMMBASE.dll
0x00007ffeb9070000 - 0x00007ffeb90ba000 	C:\Windows\System32\cfgmgr32.dll
0x00007ffeb3b40000 - 0x00007ffeb3b4a000 	C:\Windows\SYSTEM32\VERSION.dll
0x00007ffebb330000 - 0x00007ffebb338000 	C:\Windows\System32\PSAPI.DLL
0x00007ffeb2250000 - 0x00007ffeb225f000 	E:\Path\Jdk\jre\bin\verify.dll
0x00007ffe95f30000 - 0x00007ffe95f59000 	E:\Path\Jdk\jre\bin\java.dll
0x00007ffe91890000 - 0x00007ffe918c5000 	E:\Path\Jdk\jre\bin\jdwp.dll
0x00007ffeacd10000 - 0x00007ffeacd18000 	E:\Path\Jdk\jre\bin\npt.dll
0x00007ffe8eba0000 - 0x00007ffe8ebc3000 	E:\Path\Jdk\jre\bin\instrument.dll
0x00007ffe95a70000 - 0x00007ffe95a86000 	E:\Path\Jdk\jre\bin\zip.dll
0x00007ffeba970000 - 0x00007ffebb057000 	C:\Windows\System32\SHELL32.dll
0x00007ffeba600000 - 0x00007ffeba6a9000 	C:\Windows\System32\shcore.dll
0x00007ffeb90c0000 - 0x00007ffeb9842000 	C:\Windows\System32\windows.storage.dll
0x00007ffeb88c0000 - 0x00007ffeb88e3000 	C:\Windows\System32\profapi.dll
0x00007ffeb8910000 - 0x00007ffeb895a000 	C:\Windows\System32\powrprof.dll
0x00007ffeb8890000 - 0x00007ffeb88a0000 	C:\Windows\System32\UMPDC.dll
0x00007ffebb7a0000 - 0x00007ffebb7f2000 	C:\Windows\System32\shlwapi.dll
0x00007ffeb88f0000 - 0x00007ffeb8901000 	C:\Windows\System32\kernel.appcore.dll
0x00007ffeb8c90000 - 0x00007ffeb8ca7000 	C:\Windows\System32\cryptsp.dll
0x00007ffeac030000 - 0x00007ffeac039000 	E:\Path\Jdk\jre\bin\dt_socket.dll
0x00007ffeb80f0000 - 0x00007ffeb8157000 	C:\Windows\system32\mswsock.dll

VM Arguments:
jvm_args: -agentlib:jdwp=transport=dt_socket,address=127.0.0.1:8319,suspend=y,server=n -ea -Didea.test.cyclic.buffer.size=1048576 -javaagent:C:\Users\MyDream\.IntelliJIdea2019.3\system\captureAgent\debugger-agent.jar -Dfile.encoding=UTF-8 
java_command: com.intellij.rt.junit.JUnitStarter -ideVersion5 -junit5 com.mydream.stockAnalysis.StockAnalysisApplicationTests,contextLoads
java_class_path (initial): D:\Program Files\JetBrains\IntelliJ IDEA 2019.3\lib\idea_rt.jar;D:\Program Files\JetBrains\IntelliJ IDEA 2019.3\plugins\junit\lib\junit5-rt.jar;D:\Program Files\JetBrains\IntelliJ IDEA 2019.3\plugins\junit\lib\junit-rt.jar;E:\Path\Jdk\jre\lib\charsets.jar;E:\Path\Jdk\jre\lib\deploy.jar;E:\Path\Jdk\jre\lib\ext\access-bridge-64.jar;E:\Path\Jdk\jre\lib\ext\cldrdata.jar;E:\Path\Jdk\jre\lib\ext\dnsns.jar;E:\Path\Jdk\jre\lib\ext\jaccess.jar;E:\Path\Jdk\jre\lib\ext\jfxrt.jar;E:\Path\Jdk\jre\lib\ext\localedata.jar;E:\Path\Jdk\jre\lib\ext\nashorn.jar;E:\Path\Jdk\jre\lib\ext\sunec.jar;E:\Path\Jdk\jre\lib\ext\sunjce_provider.jar;E:\Path\Jdk\jre\lib\ext\sunmscapi.jar;E:\Path\Jdk\jre\lib\ext\sunpkcs11.jar;E:\Path\Jdk\jre\lib\ext\zipfs.jar;E:\Path\Jdk\jre\lib\javaws.jar;E:\Path\Jdk\jre\lib\jce.jar;E:\Path\Jdk\jre\lib\jfr.jar;E:\Path\Jdk\jre\lib\jfxswt.jar;E:\Path\Jdk\jre\lib\jsse.jar;E:\Path\Jdk\jre\lib\management-agent.jar;E:\Path\Jdk\jre\lib\plugin.jar;E:\Path\Jdk\jre\lib\resources.jar;E:\Path\Jdk\jre\lib\rt.jar;E:\GitHub\stockAnalysis\target\test-classes;E:\GitHub\stockAnalysis\target\classes;C:\Users\MyDream\.m2\repository\mysql\mysql-connector-java\5.1.40\mysql-connector-java-5.1.40.jar;C:\Users\MyDream\.m2\repository\org\springframework\boot\spring-boot-starter-jdbc\2.3.3.RELEASE\spring-boot-starter-jdbc-2.3.3.RELEASE.jar;C:\Users\MyDream\.m2\repository\org\springframework\boot\spring-boot-starter\2.3.3.RELEASE\spring-boot-starter-2.3.3.RELEASE.jar;C:\Users\MyDream\.m2\repository\org\springframework\boot\spring-boot\2.3.3.RELEASE\spring-boot-2.3.3.RELEASE.jar;C:\Users\MyDream\.m2\repository\org\springframework\boot\spring-boot-starter-logging\2.3.3.RELEASE\spring-boot-starter-logging-2.3.3.RELEASE.jar;C:\Users\MyDream\.m2\repository\ch\qos\logback\logback-classic\1.2.3\logback-classic-1.2.3.jar;C:\Users\MyDream\.m2\repository\ch\qos\logback\logback-core\1.2.3\logback-core-1.2.3.jar;C:\Users\MyDream\.m2\repository\org\apache\logging\log4j\log4j-t
Launcher Type: SUN_STANDARD

Environment Variables:
JAVA_HOME=E:\Path\Jdk
JRE_HOME=E:\Path\Jre
CLASSPATH=E:\Path\Jdk\lib\dt.jar;E:\Path\Jdk\lib\tools.jar;
PATH=C:\Program Files (x86)\Common Files\Oracle\Java\javapath;C:\Windows\system32;C:\Windows;C:\Windows\System32\Wbem;C:\Windows\System32\WindowsPowerShell\v1.0\;C:\Windows\System32\OpenSSH\;C:\Program Files (x86)\Intel\Intel(R) Management Engine Components\DAL;C:\Program Files\Intel\Intel(R) Management Engine Components\DAL;D:\Program Files\Git\cmd;E:\Path\Python;E:\Path\Maven\apache-maven-3.6.2\bin;E:\Path\Jdk\bin;E:\Path\Jdk\jre\bin;E:\Path\gradle-4.9\bin;C:\Program Files (x86)\MinGW\bin;C:\Program Files (x86)\MySQL\MySQL Utilities 1.6\;E:\Path\Python\Scripts\;E:\Path\Python\;D:\Program Files\JetBrains\IntelliJ IDEA 2019.2.2\bin;C:\Program Files\Bandizip\;D:\Program Files\JetBrains\PyCharm 2019.2.2\bin;D:\Program Files\Fiddler;;D:\Microsoft VS Code\bin;D:\Program Files\JetBrains\CLion 2019.2.4\bin;;D:\Program Files\JetBrains\IntelliJ IDEA 2019.3\bin;;D:\Program Files\JetBrains\WebStorm 2019.3.4\bin;
USERNAME=MyDream
OS=Windows_NT
PROCESSOR_IDENTIFIER=Intel64 Family 6 Model 158 Stepping 10, GenuineIntel



---------------  S Y S T E M  ---------------

OS: Windows 10.0 , 64 bit Build 18362 (10.0.18362.959)

CPU:total 6 (initial active 6) (6 cores per cpu, 1 threads per core) family 6 model 158 stepping 10, cmov, cx8, fxsr, mmx, sse, sse2, sse3, ssse3, sse4.1, sse4.2, popcnt, avx, avx2, aes, clmul, erms, 3dnowpref, lzcnt, tsc, tscinvbit, bmi1, bmi2, adx

Memory: 4k page, physical 16687128k(4142932k free), swap 29711764k(5120k free)

vm_info: Java HotSpot(TM) 64-Bit Server VM (25.211-b12) for windows-amd64 JRE (1.8.0_211-b12), built on Apr  1 2019 20:53:26 by "java_re" with MS VC++ 10.0 (VS2010)

time: Sun Aug 30 21:44:27 2020
timezone: 中国标准时间
elapsed time: 0 seconds (0d 0h 0m 0s)

